<?xml version="1.0" encoding="UTF-8"?><testrun name="TestRunner" project="Cucumberbasic" tests="1" started="1" failures="0" errors="1" ignored="0">
  <testsuite name="cucumberOptions.TestRunner" time="0.149">
    <testsuite name="Application Login" time="0.149">
      <testcase name="Home page default login" classname="Application Login" time="0.149">
        <error>io.cucumber.junit.UndefinedStepException: The step "User is on Netbanking landing page" is undefined. You can implement it using the snippet(s) below:

@Given("User is on Netbanking landing page")
public void user_is_on_netbanking_landing_page() {
    // Write code here that turns the phrase above into concrete actions
    throw new io.cucumber.java.PendingException();
}


Some other steps were also undefined:

@When("User login into application with username and password")
public void user_login_into_application_with_username_and_password() {
    // Write code here that turns the phrase above into concrete actions
    throw new io.cucumber.java.PendingException();
}
@Then("Home page is populated")
public void home_page_is_populated() {
    // Write code here that turns the phrase above into concrete actions
    throw new io.cucumber.java.PendingException();
}
@Then("Cards are displayed")
public void cards_are_displayed() {
    // Write code here that turns the phrase above into concrete actions
    throw new io.cucumber.java.PendingException();
}
&#13;
&#13;
</error>
      </testcase>
    </testsuite>
  </testsuite>
</testrun>
