<?xml version="1.0" encoding="UTF-8"?>
<!-- Generated by org.testng.reporters.JUnitXMLReporter -->
<testsuite hostname="DESKTOP-TA2T6TL" name="Test" tests="4" failures="1" timestamp="28 Aug 2020 15:08:44 GMT" time="51.81" errors="0">
  <testcase name="validateNavigationTabs" time="0.517" classname="PP_Framework.ValidateNavigationBar"/>
  <testcase name="validateTextandTitle" time="0.034" classname="PP_Framework.ValidateTitle">
    <failure type="java.lang.AssertionError" message="expected [FEATURED COURSES] but found [FEATURE COURSES]">
      <![CDATA[java.lang.AssertionError: expected [FEATURED COURSES] but found [FEATURE COURSES]
	at PP_Framework.ValidateTitle.validateTextandTitle(ValidateTitle.java:47)
	at java.util.concurrent.FutureTask.run(FutureTask.java:266)
	at java.util.concurrent.ThreadPoolExecutor.runWorker(ThreadPoolExecutor.java:1149)
	at java.util.concurrent.ThreadPoolExecutor$Worker.run(ThreadPoolExecutor.java:624)
	at java.lang.Thread.run(Thread.java:748)
... Removed 21 stack frames]]>
    </failure>
  </testcase> <!-- validateTextandTitle -->
  <testcase name="validateLogin" time="8.557" classname="PP_Framework.HomePage"/>
  <testcase name="validateLogin" time="2.791" classname="PP_Framework.HomePage"/>
</testsuite> <!-- Test -->
