<?xml version="1.0" encoding="UTF-8"?>
<!-- Generated by org.testng.reporters.JUnitXMLReporter -->
<testsuite hostname="DESKTOP-TA2T6TL" ignored="0" name="Test" tests="4" failures="1" timestamp="2020-08-28T12:02:25 BST" time="56.847" errors="0">
  <testcase name="basePageNavigation" time="0.535" classname="PP_Framework.ValidateNavigationBar"/>
  <testcase name="basePageNavigation" time="0.058" classname="PP_Framework.ValidateTitle">
    <failure type="java.lang.AssertionError" message="expected [FEATURED COURSES] but found [FEATURE COURSES]">
      <![CDATA[java.lang.AssertionError: expected [FEATURED COURSES] but found [FEATURE COURSES]
at PP_Framework.ValidateTitle.basePageNavigation(ValidateTitle.java:47)
at java.util.ArrayList.forEach(Unknown Source)
... Removed 33 stack frames]]>
    </failure>
  </testcase> <!-- basePageNavigation -->
  <testcase name="basePageNavigation" time="0.511" classname="PP_Framework.HomePage"/>
  <testcase name="basePageNavigation" time="0.517" classname="PP_Framework.HomePage"/>
</testsuite> <!-- Test -->
