-------------------------------------------------------------------------------
Test set: TestSuite
-------------------------------------------------------------------------------
Tests run: 4, Failures: 1, Errors: 0, Skipped: 0, Time elapsed: 54.398 s <<< FAILURE! - in TestSuite
PP_Framework.ValidateTitle.validateTextandTitle  Time elapsed: 0.013 s  <<< FAILURE!
java.lang.AssertionError: expected [FEATURED COURSES] but found [FEATURE COURSES]
	at PP_Framework.ValidateTitle.validateTextandTitle(ValidateTitle.java:47)

